<?xml version="1.0" encoding="UTF-8"?>
<testng-results skipped="0" failed="0" ignored="0" total="1" passed="1">
  <reporter-output>
  </reporter-output>
  <suite name="Suite" duration-ms="10301" started-at="2018-02-24T04:24:34Z" finished-at="2018-02-24T04:24:44Z">
    <groups>
    </groups>
    <test name="Test" duration-ms="10301" started-at="2018-02-24T04:24:34Z" finished-at="2018-02-24T04:24:44Z">
      <class name="test.selenium_Jenkins_Integration">
        <test-method status="PASS" signature="setup()[pri:0, instance:test.selenium_Jenkins_Integration@6767c1fc]" name="setup" is-config="true" duration-ms="6755" started-at="2018-02-24T04:24:34Z" finished-at="2018-02-24T04:24:41Z">
          <reporter-output>
          </reporter-output>
        </test-method> <!-- setup -->
        <test-method status="PASS" signature="test()[pri:0, instance:test.selenium_Jenkins_Integration@6767c1fc]" name="test" duration-ms="2648" started-at="2018-02-24T04:24:41Z" finished-at="2018-02-24T04:24:44Z">
          <reporter-output>
          </reporter-output>
        </test-method> <!-- test -->
        <test-method status="PASS" signature="tearDown()[pri:0, instance:test.selenium_Jenkins_Integration@6767c1fc]" name="tearDown" is-config="true" duration-ms="861" started-at="2018-02-24T04:24:44Z" finished-at="2018-02-24T04:24:44Z">
          <reporter-output>
          </reporter-output>
        </test-method> <!-- tearDown -->
      </class> <!-- test.selenium_Jenkins_Integration -->
    </test> <!-- Test -->
  </suite> <!-- Suite -->
</testng-results>
